<?xml version="1.0" encoding="UTF-8"?>
<testng-results ignored="0" total="1" passed="1" failed="0" skipped="0">
  <reporter-output>
  </reporter-output>
  <suite started-at="2023-09-07T20:13:53 CEST" name="Surefire suite" finished-at="2023-09-07T20:14:02 CEST" duration-ms="9252">
    <groups>
    </groups>
    <test started-at="2023-09-07T20:13:53 CEST" name="Surefire test" finished-at="2023-09-07T20:14:02 CEST" duration-ms="9252">
      <class name="com.selenium.tests.UdemyTest">
        <test-method signature="test()[pri:0, instance:com.selenium.tests.UdemyTest@60704c]" started-at="2023-09-07T20:13:53 CEST" name="test" finished-at="2023-09-07T20:14:02 CEST" duration-ms="9218" status="PASS">
          <reporter-output>
          </reporter-output>
        </test-method> <!-- test -->
      </class> <!-- com.selenium.tests.UdemyTest -->
    </test> <!-- Surefire test -->
  </suite> <!-- Surefire suite -->
</testng-results>
